04:09:02 : Rcon client logging in
﻿04:09:02 : RCon admin #0 (127.0.0.1:52369) logged in
﻿04:11:44 : No Valid response. Trying to reconnect.!
﻿04:11:48 : No Valid response. Trying to reconnect.!
﻿04:11:52 : No Valid response. Trying to reconnect.!
﻿04:14:32 : Rcon client logging in
﻿04:14:32 : RCon admin #0 (127.0.0.1:53282) logged in
﻿04:46:28 : Player #0 Mateuus disconnected
﻿04:49:54 : RCon admin #0: (Global) BEC : Hosting Undead Brasil Servidores | www.undeadbrasil.com/servers
﻿04:52:14 : RCon admin #0: (Global) BEC : Para reportar bugs, erros, etc... Use nosso forum | www.undeadbrasil.com/forum
﻿04:53:54 : RCon admin #0: (Global) BEC : Entre em nosso Team Speak 3: ts3.undeadbrasil.com
﻿04:55:34 : RCon admin #0: (Global) BEC : Leia as regras do servidor em nosso forum www.undeadbrasil.com/forum
﻿04:57:14 : RCon admin #0: (Global) BEC : Proibido RDM e VDM.
﻿04:58:54 : RCon admin #0: (Global) BEC : Hosting Undead Brasil Servidores | www.undeadbrasil.com/servers
﻿04:58:55 : RCon admin #0: (Global) BEC : Atenção restart automático a cada 3 horas, 06:00hrs, 09:00hrs, 12:00hrs, 15:00hrs, 18:00hrs, 21:00hrs, 00:00hrs, 03:00hrs
﻿05:01:14 : RCon admin #0: (Global) BEC : Visite nossa pagina no Facebook, www.fb.com/equipeundeadbrasil
﻿05:02:54 : RCon admin #0: (Global) BEC : Siga o Roleplay e tenha uma otima jogatina.
﻿05:03:34 : RCon admin #0: (Global) BEC : Para reportar bugs, erros, etc... Use nosso forum | www.undeadbrasil.com/forum
﻿05:04:34 : RCon admin #0: (Global) BEC : Doação ajuda a mante nosso servidor online!
﻿05:06:14 : RCon admin #0: (Global) BEC : Visite nossa pagina no Facebook, www.fb.com/equipeundeadbrasil
﻿05:06:54 : RCon admin #0: (Global) BEC : Entre em nosso Team Speak 3: ts3.undeadbrasil.com
﻿05:07:54 : RCon admin #0: (Global) BEC : Hosting Undead Brasil Servidores | www.undeadbrasil.com/servers
﻿05:10:14 : RCon admin #0: (Global) BEC : Leia as regras do servidor em nosso forum www.undeadbrasil.com/forum
﻿05:13:34 : RCon admin #0: (Global) BEC : Proibido RDM e VDM.
﻿05:14:54 : RCon admin #0: (Global) BEC : Para reportar bugs, erros, etc... Use nosso forum | www.undeadbrasil.com/forum
﻿05:16:54 : RCon admin #0: (Global) BEC : Atenção restart automático a cada 3 horas, 06:00hrs, 09:00hrs, 12:00hrs, 15:00hrs, 18:00hrs, 21:00hrs, 00:00hrs, 03:00hrs
﻿05:16:55 : RCon admin #0: (Global) BEC : Hosting Undead Brasil Servidores | www.undeadbrasil.com/servers
﻿05:19:54 : RCon admin #0: (Global) BEC : Entre em nosso Team Speak 3: ts3.undeadbrasil.com
﻿05:21:34 : RCon admin #0: (Global) BEC : Visite nossa pagina no Facebook, www.fb.com/equipeundeadbrasil
﻿05:24:54 : RCon admin #0: (Global) BEC : Leia as regras do servidor em nosso forum www.undeadbrasil.com/forum
﻿05:24:55 : RCon admin #0: (Global) BEC : Siga o Roleplay e tenha uma otima jogatina.
﻿05:25:54 : RCon admin #0: (Global) BEC : Hosting Undead Brasil Servidores | www.undeadbrasil.com/servers
﻿05:26:14 : RCon admin #0: (Global) BEC : Para reportar bugs, erros, etc... Use nosso forum | www.undeadbrasil.com/forum
﻿05:28:14 : RCon admin #0: (Global) BEC : Doação ajuda a mante nosso servidor online!
﻿05:29:54 : RCon admin #0: (Global) BEC : Proibido RDM e VDM.
﻿05:31:34 : RCon admin #0: (Global) BEC : Visite nossa pagina no Facebook, www.fb.com/equipeundeadbrasil
﻿05:32:54 : RCon admin #0: (Global) BEC : Entre em nosso Team Speak 3: ts3.undeadbrasil.com
﻿05:34:54 : RCon admin #0: (Global) BEC : Atenção restart automático a cada 3 horas, 06:00hrs, 09:00hrs, 12:00hrs, 15:00hrs, 18:00hrs, 21:00hrs, 00:00hrs, 03:00hrs
﻿05:34:55 : RCon admin #0: (Global) BEC : Hosting Undead Brasil Servidores | www.undeadbrasil.com/servers
﻿05:37:34 : RCon admin #0: (Global) BEC : Para reportar bugs, erros, etc... Use nosso forum | www.undeadbrasil.com/forum
﻿05:39:34 : RCon admin #0: (Global) BEC : Leia as regras do servidor em nosso forum www.undeadbrasil.com/forum
﻿05:41:54 : RCon admin #0: (Global) BEC : Visite nossa pagina no Facebook, www.fb.com/equipeundeadbrasil
﻿05:43:54 : RCon admin #0: (Global) BEC : Hosting Undead Brasil Servidores | www.undeadbrasil.com/servers
﻿05:45:00 : RCon admin #0: (Global) BEC : Servidor irá reniciar em 15 minutos...
﻿05:45:54 : RCon admin #0: (Global) BEC : Entre em nosso Team Speak 3: ts3.undeadbrasil.com
﻿05:46:14 : RCon admin #0: (Global) BEC : Proibido RDM e VDM.
﻿05:46:54 : RCon admin #0: (Global) BEC : Siga o Roleplay e tenha uma otima jogatina.
﻿05:48:54 : RCon admin #0: (Global) BEC : Para reportar bugs, erros, etc... Use nosso forum | www.undeadbrasil.com/forum
﻿05:50:00 : RCon admin #0: (Global) BEC : Servidor irá reniciar em 10 minutos...
﻿05:51:54 : RCon admin #0: (Global) BEC : Doação ajuda a mante nosso servidor online!
﻿05:52:54 : RCon admin #0: (Global) BEC : Atenção restart automático a cada 3 horas, 06:00hrs, 09:00hrs, 12:00hrs, 15:00hrs, 18:00hrs, 21:00hrs, 00:00hrs, 03:00hrs
﻿05:52:55 : RCon admin #0: (Global) BEC : Hosting Undead Brasil Servidores | www.undeadbrasil.com/servers
﻿05:54:14 : RCon admin #0: (Global) BEC : Leia as regras do servidor em nosso forum www.undeadbrasil.com/forum
﻿05:55:00 : RCon admin #0: (Global) BEC : Servidor irá reniciar em 5 minutos...
﻿05:56:54 : RCon admin #0: (Global) BEC : Visite nossa pagina no Facebook, www.fb.com/equipeundeadbrasil
﻿05:57:00 : RCon admin #0: (Global) BEC : Servidor irá reniciar em 3 minutos, Por favor aterrissa seus helicóptero para evitar problemas...
﻿05:58:54 : RCon admin #0: (Global) BEC : Entre em nosso Team Speak 3: ts3.undeadbrasil.com
﻿05:59:00 : RCon admin #0: (Global) BEC : Servidor irá reniciar em 1 minutos, Por favor abra o Menu(TAB), e salve seu personagem...
﻿06:00:03 : Lost Connection!
﻿06:00:03 : Closing socket & exiting!
﻿06:10:18 : Rcon client logging in
﻿06:10:18 : RCon admin #0 (127.0.0.1:55004) logged in
﻿06:11:00 : Player #0 CPT. Neto (189.25.217.242:2304) connected
﻿06:11:02 : Player #0 CPT. Neto - GUID: 43b1ba76735f3ce09801601bc063ce42 (unverified)
﻿06:11:03 : Verified GUID (43b1ba76735f3ce09801601bc063ce42) of player #0 CPT. Neto
﻿06:11:06 : Starting with Arma 3 1.58 all server admins will have to define a dedicated port in BEServer.cfg in order to be able to use BE RCon. Please see https://www.battleye.com/support/documentation/ for details.
﻿06:19:14 : RCon admin #0: (Global) BEC : Hosting Undead Brasil Servidores | www.undeadbrasil.com/servers
﻿06:21:34 : RCon admin #0: (Global) BEC : Para reportar bugs, erros, etc... Use nosso forum | www.undeadbrasil.com/forum
﻿06:23:14 : RCon admin #0: (Global) BEC : Entre em nosso Team Speak 3: ts3.undeadbrasil.com
﻿06:24:54 : RCon admin #0: (Global) BEC : Leia as regras do servidor em nosso forum www.undeadbrasil.com/forum
﻿06:26:34 : RCon admin #0: (Global) BEC : Proibido RDM e VDM.
﻿06:28:14 : RCon admin #0: (Global) BEC : Hosting Undead Brasil Servidores | www.undeadbrasil.com/servers
﻿06:28:14 : RCon admin #0: (Global) BEC : Atenção restart automático a cada 3 horas, 06:00hrs, 09:00hrs, 12:00hrs, 15:00hrs, 18:00hrs, 21:00hrs, 00:00hrs, 03:00hrs
﻿06:30:34 : RCon admin #0: (Global) BEC : Visite nossa pagina no Facebook, www.fb.com/equipeundeadbrasil
﻿06:32:14 : RCon admin #0: (Global) BEC : Siga o Roleplay e tenha uma otima jogatina.
﻿06:32:54 : RCon admin #0: (Global) BEC : Para reportar bugs, erros, etc... Use nosso forum | www.undeadbrasil.com/forum
﻿06:33:54 : RCon admin #0: (Global) BEC : Doação ajuda a mante nosso servidor online!
﻿06:35:34 : RCon admin #0: (Global) BEC : Visite nossa pagina no Facebook, www.fb.com/equipeundeadbrasil
﻿06:36:14 : RCon admin #0: (Global) BEC : Entre em nosso Team Speak 3: ts3.undeadbrasil.com
﻿06:37:14 : RCon admin #0: (Global) BEC : Hosting Undead Brasil Servidores | www.undeadbrasil.com/servers
﻿06:39:34 : RCon admin #0: (Global) BEC : Leia as regras do servidor em nosso forum www.undeadbrasil.com/forum
﻿06:42:54 : RCon admin #0: (Global) BEC : Proibido RDM e VDM.
﻿06:44:14 : RCon admin #0: (Global) BEC : Para reportar bugs, erros, etc... Use nosso forum | www.undeadbrasil.com/forum
﻿06:46:14 : RCon admin #0: (Global) BEC : Atenção restart automático a cada 3 horas, 06:00hrs, 09:00hrs, 12:00hrs, 15:00hrs, 18:00hrs, 21:00hrs, 00:00hrs, 03:00hrs
﻿06:46:14 : RCon admin #0: (Global) BEC : Hosting Undead Brasil Servidores | www.undeadbrasil.com/servers
﻿06:49:14 : RCon admin #0: (Global) BEC : Entre em nosso Team Speak 3: ts3.undeadbrasil.com
﻿06:50:54 : RCon admin #0: (Global) BEC : Visite nossa pagina no Facebook, www.fb.com/equipeundeadbrasil
﻿06:54:14 : RCon admin #0: (Global) BEC : Leia as regras do servidor em nosso forum www.undeadbrasil.com/forum
﻿06:54:14 : RCon admin #0: (Global) BEC : Siga o Roleplay e tenha uma otima jogatina.
﻿06:55:14 : RCon admin #0: (Global) BEC : Hosting Undead Brasil Servidores | www.undeadbrasil.com/servers
﻿06:55:34 : RCon admin #0: (Global) BEC : Para reportar bugs, erros, etc... Use nosso forum | www.undeadbrasil.com/forum
﻿06:57:34 : RCon admin #0: (Global) BEC : Doação ajuda a mante nosso servidor online!
﻿06:59:14 : RCon admin #0: (Global) BEC : Proibido RDM e VDM.
﻿07:00:54 : RCon admin #0: (Global) BEC : Visite nossa pagina no Facebook, www.fb.com/equipeundeadbrasil
﻿07:02:14 : RCon admin #0: (Global) BEC : Entre em nosso Team Speak 3: ts3.undeadbrasil.com
﻿07:02:42 : Player #1 O.P lFuD3nC10l (177.98.158.105:2304) connected
﻿07:02:44 : Player #1 O.P lFuD3nC10l - GUID: 8eebc672bdc537e7259c876cb5930393 (unverified)
﻿07:02:45 : Player #1 O.P lFuD3nC10l (8eebc672bdc537e7259c876cb5930393) has been kicked by BattlEye: Admin Kick (BEC : Your player name can not contain any of the chars:{}()0123)
﻿07:02:58 : Player #1 O.P lFuD3nC10l (177.98.158.105:2304) connected
﻿07:03:00 : Player #1 O.P lFuD3nC10l - GUID: 8eebc672bdc537e7259c876cb5930393 (unverified)
﻿07:03:00 : Player #1 O.P lFuD3nC10l (8eebc672bdc537e7259c876cb5930393) has been kicked by BattlEye: Admin Kick (BEC : Your player name can not contain any of the chars:{}()0123)
﻿07:04:06 : Player #1 SuckAss (177.98.158.105:2304) connected
﻿07:04:08 : Player #1 SuckAss - GUID: 8eebc672bdc537e7259c876cb5930393 (unverified)
﻿07:04:08 : Verified GUID (8eebc672bdc537e7259c876cb5930393) of player #1 SuckAss
﻿07:04:14 : RCon admin #0: (Global) BEC : Atenção restart automático a cada 3 horas, 06:00hrs, 09:00hrs, 12:00hrs, 15:00hrs, 18:00hrs, 21:00hrs, 00:00hrs, 03:00hrs
﻿07:04:14 : RCon admin #0: (Global) BEC : Hosting Undead Brasil Servidores | www.undeadbrasil.com/servers
﻿07:06:54 : RCon admin #0: (Global) BEC : Para reportar bugs, erros, etc... Use nosso forum | www.undeadbrasil.com/forum
﻿07:07:59 : Player #1 SuckAss (8eebc672bdc537e7259c876cb5930393) has been kicked by BattlEye: Client not responding
﻿07:08:54 : RCon admin #0: (Global) BEC : Leia as regras do servidor em nosso forum www.undeadbrasil.com/forum
﻿07:11:06 : Starting with Arma 3 1.58 all server admins will have to define a dedicated port in BEServer.cfg in order to be able to use BE RCon. Please see https://www.battleye.com/support/documentation/ for details.
﻿07:11:14 : RCon admin #0: (Global) BEC : Visite nossa pagina no Facebook, www.fb.com/equipeundeadbrasil
﻿07:13:14 : RCon admin #0: (Global) BEC : Hosting Undead Brasil Servidores | www.undeadbrasil.com/servers
﻿07:15:14 : RCon admin #0: (Global) BEC : Entre em nosso Team Speak 3: ts3.undeadbrasil.com
﻿07:15:34 : RCon admin #0: (Global) BEC : Proibido RDM e VDM.
﻿07:16:14 : RCon admin #0: (Global) BEC : Siga o Roleplay e tenha uma otima jogatina.
﻿07:18:14 : RCon admin #0: (Global) BEC : Para reportar bugs, erros, etc... Use nosso forum | www.undeadbrasil.com/forum
﻿07:21:14 : RCon admin #0: (Global) BEC : Doação ajuda a mante nosso servidor online!
﻿07:22:14 : RCon admin #0: (Global) BEC : Atenção restart automático a cada 3 horas, 06:00hrs, 09:00hrs, 12:00hrs, 15:00hrs, 18:00hrs, 21:00hrs, 00:00hrs, 03:00hrs
﻿07:22:14 : RCon admin #0: (Global) BEC : Hosting Undead Brasil Servidores | www.undeadbrasil.com/servers
﻿07:23:34 : RCon admin #0: (Global) BEC : Leia as regras do servidor em nosso forum www.undeadbrasil.com/forum
﻿07:25:34 : Player #1 SuckAss (177.98.158.105:2304) connected
﻿07:25:36 : Player #1 SuckAss - GUID: 8eebc672bdc537e7259c876cb5930393 (unverified)
﻿07:25:37 : Verified GUID (8eebc672bdc537e7259c876cb5930393) of player #1 SuckAss
﻿07:26:14 : RCon admin #0: (Global) BEC : Visite nossa pagina no Facebook, www.fb.com/equipeundeadbrasil
﻿07:28:14 : RCon admin #0: (Global) BEC : Entre em nosso Team Speak 3: ts3.undeadbrasil.com
﻿07:29:34 : RCon admin #0: (Global) BEC : Para reportar bugs, erros, etc... Use nosso forum | www.undeadbrasil.com/forum
﻿07:31:14 : RCon admin #0: (Global) BEC : Hosting Undead Brasil Servidores | www.undeadbrasil.com/servers
﻿07:31:23 : Player #1 SuckAss (8eebc672bdc537e7259c876cb5930393) has been kicked by BattlEye: Client not responding
﻿07:31:34 : RCon admin #0: (Global) BEC : Visite nossa pagina no Facebook, www.fb.com/equipeundeadbrasil
﻿07:31:54 : RCon admin #0: (Global) BEC : Proibido RDM e VDM.
﻿07:34:40 : Player #1 SuckAss (177.98.158.105:2304) connected
﻿07:34:42 : Player #1 SuckAss - GUID: 8eebc672bdc537e7259c876cb5930393 (unverified)
﻿07:34:42 : Verified GUID (8eebc672bdc537e7259c876cb5930393) of player #1 SuckAss
﻿07:38:14 : RCon admin #0: (Global) BEC : Leia as regras do servidor em nosso forum www.undeadbrasil.com/forum
﻿07:38:14 : RCon admin #0: (Global) BEC : Siga o Roleplay e tenha uma otima jogatina.
﻿07:40:14 : RCon admin #0: (Global) BEC : Atenção restart automático a cada 3 horas, 06:00hrs, 09:00hrs, 12:00hrs, 15:00hrs, 18:00hrs, 21:00hrs, 00:00hrs, 03:00hrs
﻿07:40:14 : RCon admin #0: (Global) BEC : Hosting Undead Brasil Servidores | www.undeadbrasil.com/servers
﻿07:40:54 : RCon admin #0: (Global) BEC : Para reportar bugs, erros, etc... Use nosso forum | www.undeadbrasil.com/forum
﻿07:41:14 : RCon admin #0: (Global) BEC : Entre em nosso Team Speak 3: ts3.undeadbrasil.com
﻿07:44:54 : RCon admin #0: (Global) BEC : Doação ajuda a mante nosso servidor online!
﻿07:45:00 : RCon admin #0: (Global) BEC : Servidor irá reniciar em 15 minutos...
﻿07:48:14 : RCon admin #0: (Global) BEC : Proibido RDM e VDM.
﻿07:49:14 : RCon admin #0: (Global) BEC : Hosting Undead Brasil Servidores | www.undeadbrasil.com/servers
﻿07:50:00 : RCon admin #0: (Global) BEC : Servidor irá reniciar em 10 minutos...
﻿07:51:34 : RCon admin #0: (Global) BEC : Visite nossa pagina no Facebook, www.fb.com/equipeundeadbrasil
﻿07:51:54 : RCon admin #0: (Global) BEC : Visite nossa pagina no Facebook, www.fb.com/equipeundeadbrasil
﻿07:52:14 : RCon admin #0: (Global) BEC : Para reportar bugs, erros, etc... Use nosso forum | www.undeadbrasil.com/forum
﻿07:52:54 : RCon admin #0: (Global) BEC : Leia as regras do servidor em nosso forum www.undeadbrasil.com/forum
﻿07:54:14 : RCon admin #0: (Global) BEC : Entre em nosso Team Speak 3: ts3.undeadbrasil.com
﻿07:55:00 : RCon admin #0: (Global) BEC : Servidor irá reniciar em 5 minutos...
﻿07:57:00 : RCon admin #0: (Global) BEC : Servidor irá reniciar em 3 minutos, Por favor aterrissa seus helicóptero para evitar problemas...
﻿07:58:14 : RCon admin #0: (Global) BEC : Hosting Undead Brasil Servidores | www.undeadbrasil.com/servers
﻿07:58:14 : RCon admin #0: (Global) BEC : Atenção restart automático a cada 3 horas, 06:00hrs, 09:00hrs, 12:00hrs, 15:00hrs, 18:00hrs, 21:00hrs, 00:00hrs, 03:00hrs
﻿07:59:00 : RCon admin #0: (Global) BEC : Servidor irá reniciar em 1 minutos, Por favor abra o Menu(TAB), e salve seu personagem...
﻿08:00:14 : RCon admin #0: (Global) BEC : Siga o Roleplay e tenha uma otima jogatina.
﻿08:03:34 : RCon admin #0: (Global) BEC : Para reportar bugs, erros, etc... Use nosso forum | www.undeadbrasil.com/forum
﻿08:04:34 : RCon admin #0: (Global) BEC : Proibido RDM e VDM.
﻿08:07:14 : RCon admin #0: (Global) BEC : Entre em nosso Team Speak 3: ts3.undeadbrasil.com
﻿08:07:14 : RCon admin #0: (Global) BEC : Hosting Undead Brasil Servidores | www.undeadbrasil.com/servers
﻿08:07:34 : RCon admin #0: (Global) BEC : Leia as regras do servidor em nosso forum www.undeadbrasil.com/forum
﻿08:08:34 : RCon admin #0: (Global) BEC : Doação ajuda a mante nosso servidor online!
﻿08:11:07 : Starting with Arma 3 1.58 all server admins will have to define a dedicated port in BEServer.cfg in order to be able to use BE RCon. Please see https://www.battleye.com/support/documentation/ for details.
﻿08:12:14 : RCon admin #0: (Global) BEC : Visite nossa pagina no Facebook, www.fb.com/equipeundeadbrasil
﻿08:14:54 : RCon admin #0: (Global) BEC : Para reportar bugs, erros, etc... Use nosso forum | www.undeadbrasil.com/forum
﻿08:16:14 : RCon admin #0: (Global) BEC : Atenção restart automático a cada 3 horas, 06:00hrs, 09:00hrs, 12:00hrs, 15:00hrs, 18:00hrs, 21:00hrs, 00:00hrs, 03:00hrs
﻿08:16:14 : RCon admin #0: (Global) BEC : Hosting Undead Brasil Servidores | www.undeadbrasil.com/servers
﻿08:16:54 : RCon admin #0: (Global) BEC : Visite nossa pagina no Facebook, www.fb.com/equipeundeadbrasil
﻿08:19:57 : Player #0 CPT. Neto disconnected
﻿08:20:14 : RCon admin #0: (Global) BEC : Entre em nosso Team Speak 3: ts3.undeadbrasil.com
﻿08:20:54 : RCon admin #0: (Global) BEC : Proibido RDM e VDM.
﻿08:22:14 : RCon admin #0: (Global) BEC : Leia as regras do servidor em nosso forum www.undeadbrasil.com/forum
﻿08:22:14 : RCon admin #0: (Global) BEC : Siga o Roleplay e tenha uma otima jogatina.
﻿08:25:36 : Rcon client logging in
﻿08:25:36 : RCon admin #0 (127.0.0.1:59420) logged in
﻿08:26:29 : Player #0 CPT. Neto (189.25.217.242:2304) connected
﻿08:26:30 : Player #0 CPT. Neto - GUID: 43b1ba76735f3ce09801601bc063ce42 (unverified)
﻿08:26:30 : Verified GUID (43b1ba76735f3ce09801601bc063ce42) of player #0 CPT. Neto
﻿08:26:31 : Starting with Arma 3 1.58 all server admins will have to define a dedicated port in BEServer.cfg in order to be able to use BE RCon. Please see https://www.battleye.com/support/documentation/ for details.
﻿08:34:33 : RCon admin #0: (Global) BEC : Hosting Undead Brasil Servidores | www.undeadbrasil.com/servers
﻿08:36:53 : RCon admin #0: (Global) BEC : Para reportar bugs, erros, etc... Use nosso forum | www.undeadbrasil.com/forum
﻿08:38:33 : RCon admin #0: (Global) BEC : Entre em nosso Team Speak 3: ts3.undeadbrasil.com
﻿08:40:13 : RCon admin #0: (Global) BEC : Leia as regras do servidor em nosso forum www.undeadbrasil.com/forum
﻿08:41:53 : RCon admin #0: (Global) BEC : Proibido RDM e VDM.
﻿08:42:18 : Player #0 CPT. Neto disconnected
﻿08:43:33 : RCon admin #0: (Global) BEC : Hosting Undead Brasil Servidores | www.undeadbrasil.com/servers
﻿08:43:33 : RCon admin #0: (Global) BEC : Atenção restart automático a cada 3 horas, 06:00hrs, 09:00hrs, 12:00hrs, 15:00hrs, 18:00hrs, 21:00hrs, 00:00hrs, 03:00hrs
﻿08:45:53 : RCon admin #0: (Global) BEC : Visite nossa pagina no Facebook, www.fb.com/equipeundeadbrasil
﻿08:47:33 : RCon admin #0: (Global) BEC : Siga o Roleplay e tenha uma otima jogatina.
﻿08:48:13 : RCon admin #0: (Global) BEC : Para reportar bugs, erros, etc... Use nosso forum | www.undeadbrasil.com/forum
﻿08:49:13 : RCon admin #0: (Global) BEC : Doação ajuda a mante nosso servidor online!
﻿08:49:49 : Player #0 CPT. Neto (189.25.217.242:2304) connected
﻿08:49:51 : Player #0 CPT. Neto - GUID: 43b1ba76735f3ce09801601bc063ce42 (unverified)
﻿08:49:51 : Verified GUID (43b1ba76735f3ce09801601bc063ce42) of player #0 CPT. Neto
﻿08:50:53 : RCon admin #0: (Global) BEC : Visite nossa pagina no Facebook, www.fb.com/equipeundeadbrasil
﻿08:51:33 : RCon admin #0: (Global) BEC : Entre em nosso Team Speak 3: ts3.undeadbrasil.com
﻿08:52:33 : RCon admin #0: (Global) BEC : Hosting Undead Brasil Servidores | www.undeadbrasil.com/servers
﻿08:54:53 : RCon admin #0: (Global) BEC : Leia as regras do servidor em nosso forum www.undeadbrasil.com/forum
﻿08:57:12 : Lost Connection!
﻿08:57:12 : Closing socket & exiting!
﻿08:57:36 : Rcon client logging in
﻿08:57:36 : RCon admin #0 (127.0.0.1:58775) logged in
﻿08:59:24 : Player #0 CPT. Neto (189.25.217.242:2304) connected
﻿08:59:25 : Player #0 CPT. Neto - GUID: 43b1ba76735f3ce09801601bc063ce42 (unverified)
﻿08:59:26 : Verified GUID (43b1ba76735f3ce09801601bc063ce42) of player #0 CPT. Neto
﻿08:59:26 : Starting with Arma 3 1.58 all server admins will have to define a dedicated port in BEServer.cfg in order to be able to use BE RCon. Please see https://www.battleye.com/support/documentation/ for details.
﻿09:00:02 : Lost Connection!
﻿09:00:02 : Closing socket & exiting!
﻿09:05:02 : Rcon client logging in
﻿09:05:02 : RCon admin #0 (127.0.0.1:59064) logged in
﻿09:05:51 : Player #0 CPT. Neto (189.25.217.242:2304) connected
﻿09:05:53 : Player #0 CPT. Neto - GUID: 43b1ba76735f3ce09801601bc063ce42 (unverified)
﻿09:05:53 : Verified GUID (43b1ba76735f3ce09801601bc063ce42) of player #0 CPT. Neto
﻿09:05:54 : Starting with Arma 3 1.58 all server admins will have to define a dedicated port in BEServer.cfg in order to be able to use BE RCon. Please see https://www.battleye.com/support/documentation/ for details.
﻿09:13:58 : RCon admin #0: (Global) BEC : Hosting Undead Brasil Servidores | www.undeadbrasil.com/servers
﻿09:16:18 : RCon admin #0: (Global) BEC : Para reportar bugs, erros, etc... Use nosso forum | www.undeadbrasil.com/forum
﻿09:17:58 : RCon admin #0: (Global) BEC : Entre em nosso Team Speak 3: ts3.undeadbrasil.com
﻿09:19:38 : RCon admin #0: (Global) BEC : Leia as regras do servidor em nosso forum www.undeadbrasil.com/forum
﻿09:21:18 : RCon admin #0: (Global) BEC : Proibido RDM e VDM.
﻿09:22:58 : RCon admin #0: (Global) BEC : Hosting Undead Brasil Servidores | www.undeadbrasil.com/servers
﻿09:22:59 : RCon admin #0: (Global) BEC : Atenção restart automático a cada 3 horas, 06:00hrs, 09:00hrs, 12:00hrs, 15:00hrs, 18:00hrs, 21:00hrs, 00:00hrs, 03:00hrs
﻿09:25:18 : RCon admin #0: (Global) BEC : Visite nossa pagina no Facebook, www.fb.com/equipeundeadbrasil
﻿09:27:00 : RCon admin #0: (Global) BEC : Siga o Roleplay e tenha uma otima jogatina.
﻿09:27:38 : RCon admin #0: (Global) BEC : Para reportar bugs, erros, etc... Use nosso forum | www.undeadbrasil.com/forum
﻿09:28:38 : RCon admin #0: (Global) BEC : Doação ajuda a mante nosso servidor online!
﻿09:30:18 : RCon admin #0: (Global) BEC : Visite nossa pagina no Facebook, www.fb.com/equipeundeadbrasil
﻿09:30:58 : RCon admin #0: (Global) BEC : Entre em nosso Team Speak 3: ts3.undeadbrasil.com
﻿09:31:58 : RCon admin #0: (Global) BEC : Hosting Undead Brasil Servidores | www.undeadbrasil.com/servers
﻿09:33:47 : Lost Connection!
﻿09:33:47 : Closing socket & exiting!
﻿09:38:00 : Rcon client logging in
﻿09:38:00 : RCon admin #0 (127.0.0.1:65121) logged in
﻿09:40:19 : Player #0 CPT. Neto (189.25.217.242:2304) connected
﻿09:40:21 : Player #0 CPT. Neto - GUID: 43b1ba76735f3ce09801601bc063ce42 (unverified)
﻿09:40:21 : Verified GUID (43b1ba76735f3ce09801601bc063ce42) of player #0 CPT. Neto
﻿09:40:22 : Starting with Arma 3 1.58 all server admins will have to define a dedicated port in BEServer.cfg in order to be able to use BE RCon. Please see https://www.battleye.com/support/documentation/ for details.
﻿09:45:25 : Player #0 CPT. Neto disconnected
﻿09:45:35 : Player #0 CPT. Neto (189.25.217.242:2304) connected
﻿09:45:36 : Player #0 CPT. Neto - GUID: 43b1ba76735f3ce09801601bc063ce42 (unverified)
﻿09:45:37 : Verified GUID (43b1ba76735f3ce09801601bc063ce42) of player #0 CPT. Neto
﻿09:46:56 : RCon admin #0: (Global) BEC : Hosting Undead Brasil Servidores | www.undeadbrasil.com/servers
﻿09:49:16 : RCon admin #0: (Global) BEC : Para reportar bugs, erros, etc... Use nosso forum | www.undeadbrasil.com/forum
﻿09:49:27 : Player #0 CPT. Neto disconnected
﻿09:49:54 : Player #0 CPT. Neto (189.25.217.242:2304) connected
﻿09:49:56 : Player #0 CPT. Neto - GUID: 43b1ba76735f3ce09801601bc063ce42 (unverified)
﻿09:49:56 : Verified GUID (43b1ba76735f3ce09801601bc063ce42) of player #0 CPT. Neto
﻿09:50:56 : RCon admin #0: (Global) BEC : Entre em nosso Team Speak 3: ts3.undeadbrasil.com
﻿09:52:33 : Player #0 CPT. Neto disconnected
﻿09:52:36 : RCon admin #0: (Global) BEC : Leia as regras do servidor em nosso forum www.undeadbrasil.com/forum
﻿09:52:45 : Lost Connection!
﻿09:52:45 : Closing socket & exiting!
﻿09:54:04 : Rcon client logging in
﻿09:54:04 : RCon admin #0 (127.0.0.1:53734) logged in
﻿09:55:52 : Player #0 CPT. Neto (189.25.217.242:2304) connected
﻿09:55:53 : Player #0 CPT. Neto - GUID: 43b1ba76735f3ce09801601bc063ce42 (unverified)
﻿09:55:54 : Verified GUID (43b1ba76735f3ce09801601bc063ce42) of player #0 CPT. Neto
﻿09:55:55 : Starting with Arma 3 1.58 all server admins will have to define a dedicated port in BEServer.cfg in order to be able to use BE RCon. Please see https://www.battleye.com/support/documentation/ for details.
﻿10:02:14 : Player #0 CPT. Neto disconnected
﻿10:03:00 : RCon admin #0: (Global) BEC : Hosting Undead Brasil Servidores | www.undeadbrasil.com/servers
﻿10:05:20 : RCon admin #0: (Global) BEC : Para reportar bugs, erros, etc... Use nosso forum | www.undeadbrasil.com/forum
﻿10:07:00 : RCon admin #0: (Global) BEC : Entre em nosso Team Speak 3: ts3.undeadbrasil.com
﻿10:08:41 : RCon admin #0: (Global) BEC : Leia as regras do servidor em nosso forum www.undeadbrasil.com/forum
﻿10:10:20 : RCon admin #0: (Global) BEC : Proibido RDM e VDM.
﻿10:12:01 : RCon admin #0: (Global) BEC : Hosting Undead Brasil Servidores | www.undeadbrasil.com/servers
﻿10:12:01 : RCon admin #0: (Global) BEC : Atenção restart automático a cada 3 horas, 06:00hrs, 09:00hrs, 12:00hrs, 15:00hrs, 18:00hrs, 21:00hrs, 00:00hrs, 03:00hrs
﻿10:14:20 : RCon admin #0: (Global) BEC : Visite nossa pagina no Facebook, www.fb.com/equipeundeadbrasil
﻿10:16:00 : RCon admin #0: (Global) BEC : Siga o Roleplay e tenha uma otima jogatina.
﻿10:16:41 : RCon admin #0: (Global) BEC : Para reportar bugs, erros, etc... Use nosso forum | www.undeadbrasil.com/forum
﻿10:17:41 : RCon admin #0: (Global) BEC : Doação ajuda a mante nosso servidor online!
﻿10:19:20 : RCon admin #0: (Global) BEC : Visite nossa pagina no Facebook, www.fb.com/equipeundeadbrasil
﻿10:20:00 : RCon admin #0: (Global) BEC : Entre em nosso Team Speak 3: ts3.undeadbrasil.com
﻿10:21:00 : RCon admin #0: (Global) BEC : Hosting Undead Brasil Servidores | www.undeadbrasil.com/servers
﻿10:23:20 : RCon admin #0: (Global) BEC : Leia as regras do servidor em nosso forum www.undeadbrasil.com/forum
﻿10:26:41 : RCon admin #0: (Global) BEC : Proibido RDM e VDM.
﻿10:28:00 : RCon admin #0: (Global) BEC : Para reportar bugs, erros, etc... Use nosso forum | www.undeadbrasil.com/forum
﻿10:30:00 : RCon admin #0: (Global) BEC : Atenção restart automático a cada 3 horas, 06:00hrs, 09:00hrs, 12:00hrs, 15:00hrs, 18:00hrs, 21:00hrs, 00:00hrs, 03:00hrs
﻿10:30:01 : RCon admin #0: (Global) BEC : Hosting Undead Brasil Servidores | www.undeadbrasil.com/servers
﻿10:33:00 : RCon admin #0: (Global) BEC : Entre em nosso Team Speak 3: ts3.undeadbrasil.com
﻿10:34:41 : RCon admin #0: (Global) BEC : Visite nossa pagina no Facebook, www.fb.com/equipeundeadbrasil
﻿10:38:00 : RCon admin #0: (Global) BEC : Leia as regras do servidor em nosso forum www.undeadbrasil.com/forum
﻿10:38:01 : RCon admin #0: (Global) BEC : Siga o Roleplay e tenha uma otima jogatina.
﻿10:39:00 : RCon admin #0: (Global) BEC : Hosting Undead Brasil Servidores | www.undeadbrasil.com/servers
﻿10:39:20 : RCon admin #0: (Global) BEC : Para reportar bugs, erros, etc... Use nosso forum | www.undeadbrasil.com/forum
﻿10:41:20 : RCon admin #0: (Global) BEC : Doação ajuda a mante nosso servidor online!
﻿10:43:00 : RCon admin #0: (Global) BEC : Proibido RDM e VDM.
﻿10:44:41 : RCon admin #0: (Global) BEC : Visite nossa pagina no Facebook, www.fb.com/equipeundeadbrasil
﻿10:46:00 : RCon admin #0: (Global) BEC : Entre em nosso Team Speak 3: ts3.undeadbrasil.com
﻿10:48:01 : RCon admin #0: (Global) BEC : Atenção restart automático a cada 3 horas, 06:00hrs, 09:00hrs, 12:00hrs, 15:00hrs, 18:00hrs, 21:00hrs, 00:00hrs, 03:00hrs
﻿10:48:01 : RCon admin #0: (Global) BEC : Hosting Undead Brasil Servidores | www.undeadbrasil.com/servers
﻿10:50:41 : RCon admin #0: (Global) BEC : Para reportar bugs, erros, etc... Use nosso forum | www.undeadbrasil.com/forum
﻿10:52:41 : RCon admin #0: (Global) BEC : Leia as regras do servidor em nosso forum www.undeadbrasil.com/forum
﻿10:55:00 : RCon admin #0: (Global) BEC : Visite nossa pagina no Facebook, www.fb.com/equipeundeadbrasil
﻿10:57:00 : RCon admin #0: (Global) BEC : Hosting Undead Brasil Servidores | www.undeadbrasil.com/servers
﻿10:59:00 : RCon admin #0: (Global) BEC : Entre em nosso Team Speak 3: ts3.undeadbrasil.com
﻿10:59:20 : RCon admin #0: (Global) BEC : Proibido RDM e VDM.
﻿11:00:00 : RCon admin #0: (Global) BEC : Siga o Roleplay e tenha uma otima jogatina.
﻿11:02:00 : RCon admin #0: (Global) BEC : Para reportar bugs, erros, etc... Use nosso forum | www.undeadbrasil.com/forum
﻿11:05:00 : RCon admin #0: (Global) BEC : Doação ajuda a mante nosso servidor online!
﻿11:06:00 : RCon admin #0: (Global) BEC : Atenção restart automático a cada 3 horas, 06:00hrs, 09:00hrs, 12:00hrs, 15:00hrs, 18:00hrs, 21:00hrs, 00:00hrs, 03:00hrs
﻿11:06:01 : RCon admin #0: (Global) BEC : Hosting Undead Brasil Servidores | www.undeadbrasil.com/servers
﻿11:07:20 : RCon admin #0: (Global) BEC : Leia as regras do servidor em nosso forum www.undeadbrasil.com/forum
﻿11:10:00 : RCon admin #0: (Global) BEC : Visite nossa pagina no Facebook, www.fb.com/equipeundeadbrasil
﻿11:12:00 : RCon admin #0: (Global) BEC : Entre em nosso Team Speak 3: ts3.undeadbrasil.com
﻿11:13:20 : RCon admin #0: (Global) BEC : Para reportar bugs, erros, etc... Use nosso forum | www.undeadbrasil.com/forum
﻿11:15:00 : RCon admin #0: (Global) BEC : Hosting Undead Brasil Servidores | www.undeadbrasil.com/servers
﻿11:15:20 : RCon admin #0: (Global) BEC : Visite nossa pagina no Facebook, www.fb.com/equipeundeadbrasil
﻿11:15:41 : RCon admin #0: (Global) BEC : Proibido RDM e VDM.
﻿11:22:00 : RCon admin #0: (Global) BEC : Leia as regras do servidor em nosso forum www.undeadbrasil.com/forum
﻿11:22:01 : RCon admin #0: (Global) BEC : Siga o Roleplay e tenha uma otima jogatina.
﻿11:24:00 : RCon admin #0: (Global) BEC : Atenção restart automático a cada 3 horas, 06:00hrs, 09:00hrs, 12:00hrs, 15:00hrs, 18:00hrs, 21:00hrs, 00:00hrs, 03:00hrs
﻿11:24:01 : RCon admin #0: (Global) BEC : Hosting Undead Brasil Servidores | www.undeadbrasil.com/servers
﻿11:24:41 : RCon admin #0: (Global) BEC : Para reportar bugs, erros, etc... Use nosso forum | www.undeadbrasil.com/forum
﻿11:25:00 : RCon admin #0: (Global) BEC : Entre em nosso Team Speak 3: ts3.undeadbrasil.com
﻿11:28:41 : RCon admin #0: (Global) BEC : Doação ajuda a mante nosso servidor online!
﻿11:32:00 : RCon admin #0: (Global) BEC : Proibido RDM e VDM.
﻿11:33:00 : RCon admin #0: (Global) BEC : Hosting Undead Brasil Servidores | www.undeadbrasil.com/servers
﻿11:35:20 : RCon admin #0: (Global) BEC : Visite nossa pagina no Facebook, www.fb.com/equipeundeadbrasil
﻿11:35:41 : RCon admin #0: (Global) BEC : Visite nossa pagina no Facebook, www.fb.com/equipeundeadbrasil
﻿11:36:00 : RCon admin #0: (Global) BEC : Para reportar bugs, erros, etc... Use nosso forum | www.undeadbrasil.com/forum
﻿11:36:41 : RCon admin #0: (Global) BEC : Leia as regras do servidor em nosso forum www.undeadbrasil.com/forum
﻿11:38:00 : RCon admin #0: (Global) BEC : Entre em nosso Team Speak 3: ts3.undeadbrasil.com
﻿11:42:00 : RCon admin #0: (Global) BEC : Hosting Undead Brasil Servidores | www.undeadbrasil.com/servers
﻿11:42:01 : RCon admin #0: (Global) BEC : Atenção restart automático a cada 3 horas, 06:00hrs, 09:00hrs, 12:00hrs, 15:00hrs, 18:00hrs, 21:00hrs, 00:00hrs, 03:00hrs
﻿11:44:00 : RCon admin #0: (Global) BEC : Siga o Roleplay e tenha uma otima jogatina.
﻿11:45:00 : RCon admin #0: (Global) BEC : Servidor irá reniciar em 15 minutos...
﻿11:47:20 : RCon admin #0: (Global) BEC : Para reportar bugs, erros, etc... Use nosso forum | www.undeadbrasil.com/forum
﻿11:48:20 : RCon admin #0: (Global) BEC : Proibido RDM e VDM.
﻿11:50:00 : RCon admin #0: (Global) BEC : Servidor irá reniciar em 10 minutos...
﻿11:51:00 : RCon admin #0: (Global) BEC : Entre em nosso Team Speak 3: ts3.undeadbrasil.com
﻿11:51:01 : RCon admin #0: (Global) BEC : Hosting Undead Brasil Servidores | www.undeadbrasil.com/servers
﻿11:51:20 : RCon admin #0: (Global) BEC : Leia as regras do servidor em nosso forum www.undeadbrasil.com/forum
﻿11:52:20 : RCon admin #0: (Global) BEC : Doação ajuda a mante nosso servidor online!
﻿11:55:00 : RCon admin #0: (Global) BEC : Servidor irá reniciar em 5 minutos...
﻿11:56:01 : RCon admin #0: (Global) BEC : Visite nossa pagina no Facebook, www.fb.com/equipeundeadbrasil
﻿11:57:00 : RCon admin #0: (Global) BEC : Servidor irá reniciar em 3 minutos, Por favor aterrissa seus helicóptero para evitar problemas...
﻿11:58:41 : RCon admin #0: (Global) BEC : Para reportar bugs, erros, etc... Use nosso forum | www.undeadbrasil.com/forum
﻿11:59:00 : RCon admin #0: (Global) BEC : Servidor irá reniciar em 1 minutos, Por favor abra o Menu(TAB), e salve seu personagem...
﻿12:00:00 : Lost Connection!
﻿12:00:00 : Closing socket & exiting!
﻿12:29:04 : Rcon client logging in
﻿12:29:04 : RCon admin #0 (127.0.0.1:57512) logged in
﻿12:32:10 : Player #0 CPT. Neto (189.25.217.242:2304) connected
﻿12:32:12 : Player #0 CPT. Neto - GUID: 43b1ba76735f3ce09801601bc063ce42 (unverified)
﻿12:32:13 : Starting with Arma 3 1.58 all server admins will have to define a dedicated port in BEServer.cfg in order to be able to use BE RCon. Please see https://www.battleye.com/support/documentation/ for details.
﻿12:32:13 : Verified GUID (43b1ba76735f3ce09801601bc063ce42) of player #0 CPT. Neto
﻿12:38:00 : RCon admin #0: (Global) BEC : Hosting Undead Brasil Servidores | www.undeadbrasil.com/servers
﻿12:39:23 : Player #0 CPT. Neto disconnected
﻿12:40:20 : RCon admin #0: (Global) BEC : Para reportar bugs, erros, etc... Use nosso forum | www.undeadbrasil.com/forum
﻿12:42:00 : RCon admin #0: (Global) BEC : Entre em nosso Team Speak 3: ts3.undeadbrasil.com
﻿12:43:40 : RCon admin #0: (Global) BEC : Leia as regras do servidor em nosso forum www.undeadbrasil.com/forum
﻿12:45:20 : RCon admin #0: (Global) BEC : Proibido RDM e VDM.
﻿12:47:00 : RCon admin #0: (Global) BEC : Hosting Undead Brasil Servidores | www.undeadbrasil.com/servers
﻿12:47:01 : RCon admin #0: (Global) BEC : Atenção restart automático a cada 3 horas, 06:00hrs, 09:00hrs, 12:00hrs, 15:00hrs, 18:00hrs, 21:00hrs, 00:00hrs, 03:00hrs
﻿12:47:18 : Lost Connection!
﻿12:47:18 : Closing socket & exiting!
﻿13:09:52 : Rcon client logging in
﻿13:09:52 : RCon admin #0 (127.0.0.1:54728) logged in
﻿13:12:30 : Player #0 CPT. Neto (189.25.217.242:2304) connected
﻿13:12:32 : Player #0 CPT. Neto - GUID: 43b1ba76735f3ce09801601bc063ce42 (unverified)
﻿13:12:32 : Verified GUID (43b1ba76735f3ce09801601bc063ce42) of player #0 CPT. Neto
﻿13:12:33 : Starting with Arma 3 1.58 all server admins will have to define a dedicated port in BEServer.cfg in order to be able to use BE RCon. Please see https://www.battleye.com/support/documentation/ for details.
﻿13:18:49 : RCon admin #0: (Global) BEC : Hosting Undead Brasil Servidores | www.undeadbrasil.com/servers
﻿13:20:48 : Rcon client logging in
﻿13:20:48 : RCon admin #0 (127.0.0.1:52312) logged in
﻿13:29:44 : RCon admin #0: (Global) BEC : Hosting Undead Brasil Servidores | www.undeadbrasil.com/servers
﻿13:31:58 : Lost Connection!
﻿13:31:58 : Closing socket & exiting!
﻿13:33:23 : Rcon client logging in
﻿13:33:23 : RCon admin #0 (127.0.0.1:52163) logged in
﻿13:34:56 : Player #0 CPT. Neto (189.25.217.242:2304) connected
﻿13:34:58 : Player #0 CPT. Neto - GUID: 43b1ba76735f3ce09801601bc063ce42 (unverified)
﻿13:34:59 : Verified GUID (43b1ba76735f3ce09801601bc063ce42) of player #0 CPT. Neto
﻿13:34:59 : Starting with Arma 3 1.58 all server admins will have to define a dedicated port in BEServer.cfg in order to be able to use BE RCon. Please see https://www.battleye.com/support/documentation/ for details.
﻿13:40:01 : Lost Connection!
﻿13:40:01 : Closing socket & exiting!
﻿13:40:20 : Rcon client logging in
﻿13:40:20 : RCon admin #0 (127.0.0.1:56238) logged in
﻿13:43:29 : Player #0 CPT. Neto (189.25.217.242:2304) connected
﻿13:43:31 : Player #0 CPT. Neto - GUID: 43b1ba76735f3ce09801601bc063ce42 (unverified)
﻿13:43:31 : Verified GUID (43b1ba76735f3ce09801601bc063ce42) of player #0 CPT. Neto
﻿13:43:32 : Starting with Arma 3 1.58 all server admins will have to define a dedicated port in BEServer.cfg in order to be able to use BE RCon. Please see https://www.battleye.com/support/documentation/ for details.
﻿13:49:16 : RCon admin #0: (Global) BEC : Hosting Undead Brasil Servidores | www.undeadbrasil.com/servers
﻿13:51:36 : RCon admin #0: (Global) BEC : Para reportar bugs, erros, etc... Use nosso forum | www.undeadbrasil.com/forum
﻿13:53:08 : Lost Connection!
﻿13:53:08 : Closing socket & exiting!
﻿13:54:03 : Rcon client logging in
﻿13:54:03 : RCon admin #0 (127.0.0.1:50982) logged in
﻿13:54:10 : Player #0 CPT. Neto (189.25.217.242:2304) connected
﻿13:54:12 : Player #0 CPT. Neto - GUID: 43b1ba76735f3ce09801601bc063ce42 (unverified)
﻿13:54:12 : Verified GUID (43b1ba76735f3ce09801601bc063ce42) of player #0 CPT. Neto
﻿13:54:12 : Starting with Arma 3 1.58 all server admins will have to define a dedicated port in BEServer.cfg in order to be able to use BE RCon. Please see https://www.battleye.com/support/documentation/ for details.
﻿14:02:59 : RCon admin #0: (Global) BEC : Hosting Undead Brasil Servidores | www.undeadbrasil.com/servers
﻿14:05:19 : RCon admin #0: (Global) BEC : Para reportar bugs, erros, etc... Use nosso forum | www.undeadbrasil.com/forum
﻿14:05:58 : Lost Connection!
﻿14:05:58 : Closing socket & exiting!
﻿14:07:42 : Rcon client logging in
﻿14:07:42 : RCon admin #0 (127.0.0.1:64291) logged in
﻿14:08:23 : Player #0 CPT. Neto (189.25.217.242:2304) connected
﻿14:08:25 : Player #0 CPT. Neto - GUID: 43b1ba76735f3ce09801601bc063ce42 (unverified)
﻿14:08:25 : Verified GUID (43b1ba76735f3ce09801601bc063ce42) of player #0 CPT. Neto
﻿14:08:25 : Starting with Arma 3 1.58 all server admins will have to define a dedicated port in BEServer.cfg in order to be able to use BE RCon. Please see https://www.battleye.com/support/documentation/ for details.
﻿14:15:23 : Lost Connection!
﻿14:15:23 : Closing socket & exiting!
﻿14:17:32 : Rcon client logging in
﻿14:17:32 : RCon admin #0 (127.0.0.1:49557) logged in
﻿14:20:06 : Lost Connection!
﻿14:20:06 : Closing socket & exiting!
﻿14:21:52 : Rcon client logging in
﻿14:21:52 : RCon admin #0 (127.0.0.1:60040) logged in
﻿14:23:19 : Lost Connection!
﻿14:23:19 : Closing socket & exiting!
﻿14:24:06 : Rcon client logging in
﻿14:24:06 : RCon admin #0 (127.0.0.1:65376) logged in
﻿14:26:50 : Lost Connection!
﻿14:26:50 : Closing socket & exiting!
﻿14:29:00 : Rcon client logging in
﻿14:29:00 : RCon admin #0 (127.0.0.1:49330) logged in
﻿14:33:11 : No Valid response. Trying to reconnect.!
﻿14:33:15 : No Valid response. Trying to reconnect.!
﻿14:33:19 : No Valid response. Trying to reconnect.!
﻿14:33:23 : Lost Connection!
﻿14:33:23 : Closing socket & exiting!
﻿14:36:22 : Rcon client logging in
﻿14:36:22 : RCon admin #0 (127.0.0.1:58221) logged in
﻿14:37:48 : Player #0 CPT. Neto (189.25.217.242:2304) connected
﻿14:37:50 : Player #0 CPT. Neto - GUID: 43b1ba76735f3ce09801601bc063ce42 (unverified)
﻿14:37:51 : Starting with Arma 3 1.58 all server admins will have to define a dedicated port in BEServer.cfg in order to be able to use BE RCon. Please see https://www.battleye.com/support/documentation/ for details.
﻿14:37:51 : Verified GUID (43b1ba76735f3ce09801601bc063ce42) of player #0 CPT. Neto
﻿14:43:20 : Player #0 CPT. Neto disconnected
﻿14:43:58 : Lost Connection!
﻿14:43:58 : Closing socket & exiting!
﻿14:51:21 : Rcon client logging in
﻿14:51:21 : RCon admin #0 (127.0.0.1:49569) logged in
﻿14:53:37 : Player #0 CPT. Neto (189.25.217.242:2304) connected
﻿14:53:38 : Player #0 CPT. Neto - GUID: 43b1ba76735f3ce09801601bc063ce42 (unverified)
﻿14:53:39 : Verified GUID (43b1ba76735f3ce09801601bc063ce42) of player #0 CPT. Neto
﻿14:53:40 : Starting with Arma 3 1.58 all server admins will have to define a dedicated port in BEServer.cfg in order to be able to use BE RCon. Please see https://www.battleye.com/support/documentation/ for details.
﻿14:55:00 : RCon admin #0: (Global) BEC : Servidor irá reniciar em 5 minutos...
﻿14:57:00 : RCon admin #0: (Global) BEC : Servidor irá reniciar em 3 minutos, Por favor aterrissa seus helicóptero para evitar problemas...
﻿14:59:00 : RCon admin #0: (Global) BEC : Servidor irá reniciar em 1 minutos, Por favor abra o Menu(TAB), e salve seu personagem...
﻿14:59:50 : Player #0 CPT. Neto disconnected
﻿15:00:02 : Lost Connection!
﻿15:00:02 : Closing socket & exiting!
﻿15:00:13 : Rcon client logging in
﻿15:00:13 : RCon admin #0 (127.0.0.1:51735) logged in
﻿15:00:21 : Player #0 CPT. Neto (189.25.217.242:2304) connected
﻿15:00:23 : Player #0 CPT. Neto - GUID: 43b1ba76735f3ce09801601bc063ce42 (unverified)
﻿15:00:23 : Verified GUID (43b1ba76735f3ce09801601bc063ce42) of player #0 CPT. Neto
﻿15:00:24 : Starting with Arma 3 1.58 all server admins will have to define a dedicated port in BEServer.cfg in order to be able to use BE RCon. Please see https://www.battleye.com/support/documentation/ for details.
﻿15:02:18 : Player #0 CPT. Neto disconnected
﻿15:02:23 : Player #0 CPT. Neto (189.25.217.242:2304) connected
﻿15:02:25 : Player #0 CPT. Neto - GUID: 43b1ba76735f3ce09801601bc063ce42 (unverified)
﻿15:02:25 : Verified GUID (43b1ba76735f3ce09801601bc063ce42) of player #0 CPT. Neto
﻿15:06:34 : Lost Connection!
﻿15:06:34 : Closing socket & exiting!
﻿15:15:39 : Rcon client logging in
﻿15:15:39 : RCon admin #0 (127.0.0.1:53275) logged in
﻿15:16:57 : Player #0 CPT. Neto (189.25.217.242:2304) connected
﻿15:16:58 : Player #0 CPT. Neto - GUID: 43b1ba76735f3ce09801601bc063ce42 (unverified)
﻿15:16:59 : Verified GUID (43b1ba76735f3ce09801601bc063ce42) of player #0 CPT. Neto
﻿15:16:59 : Starting with Arma 3 1.58 all server admins will have to define a dedicated port in BEServer.cfg in order to be able to use BE RCon. Please see https://www.battleye.com/support/documentation/ for details.
﻿15:23:07 : Player #0 CPT. Neto disconnected
﻿15:23:16 : Player #0 CPT. Neto (189.25.217.242:2304) connected
﻿15:23:18 : Player #0 CPT. Neto - GUID: 43b1ba76735f3ce09801601bc063ce42 (unverified)
﻿15:23:18 : Verified GUID (43b1ba76735f3ce09801601bc063ce42) of player #0 CPT. Neto
﻿15:24:35 : RCon admin #0: (Global) BEC : Hosting Undead Brasil Servidores | www.undeadbrasil.com/servers
﻿15:26:55 : RCon admin #0: (Global) BEC : Para reportar bugs, erros, etc... Use nosso forum | www.undeadbrasil.com/forum
﻿15:27:28 : Player #0 CPT. Neto disconnected
﻿15:28:35 : RCon admin #0: (Global) BEC : Entre em nosso Team Speak 3: ts3.undeadbrasil.com
﻿15:30:15 : RCon admin #0: (Global) BEC : Leia as regras do servidor em nosso forum www.undeadbrasil.com/forum
﻿15:31:55 : RCon admin #0: (Global) BEC : Proibido RDM e VDM.
﻿15:33:35 : RCon admin #0: (Global) BEC : Hosting Undead Brasil Servidores | www.undeadbrasil.com/servers
﻿15:33:36 : RCon admin #0: (Global) BEC : Atenção restart automático a cada 3 horas, 06:00hrs, 09:00hrs, 12:00hrs, 15:00hrs, 18:00hrs, 21:00hrs, 00:00hrs, 03:00hrs
﻿15:35:55 : RCon admin #0: (Global) BEC : Visite nossa pagina no Facebook, www.fb.com/equipeundeadbrasil
﻿15:37:35 : RCon admin #0: (Global) BEC : Siga o Roleplay e tenha uma otima jogatina.
﻿15:38:15 : RCon admin #0: (Global) BEC : Para reportar bugs, erros, etc... Use nosso forum | www.undeadbrasil.com/forum
﻿15:39:15 : RCon admin #0: (Global) BEC : Doação ajuda a mante nosso servidor online!
﻿15:40:55 : RCon admin #0: (Global) BEC : Visite nossa pagina no Facebook, www.fb.com/equipeundeadbrasil
﻿15:41:35 : RCon admin #0: (Global) BEC : Entre em nosso Team Speak 3: ts3.undeadbrasil.com
﻿15:42:35 : RCon admin #0: (Global) BEC : Hosting Undead Brasil Servidores | www.undeadbrasil.com/servers
﻿15:44:55 : RCon admin #0: (Global) BEC : Leia as regras do servidor em nosso forum www.undeadbrasil.com/forum
﻿15:48:15 : RCon admin #0: (Global) BEC : Proibido RDM e VDM.
﻿15:49:35 : RCon admin #0: (Global) BEC : Para reportar bugs, erros, etc... Use nosso forum | www.undeadbrasil.com/forum
﻿15:51:35 : RCon admin #0: (Global) BEC : Atenção restart automático a cada 3 horas, 06:00hrs, 09:00hrs, 12:00hrs, 15:00hrs, 18:00hrs, 21:00hrs, 00:00hrs, 03:00hrs
﻿15:51:36 : RCon admin #0: (Global) BEC : Hosting Undead Brasil Servidores | www.undeadbrasil.com/servers
﻿15:54:35 : RCon admin #0: (Global) BEC : Entre em nosso Team Speak 3: ts3.undeadbrasil.com
﻿15:56:15 : RCon admin #0: (Global) BEC : Visite nossa pagina no Facebook, www.fb.com/equipeundeadbrasil
﻿15:59:35 : RCon admin #0: (Global) BEC : Leia as regras do servidor em nosso forum www.undeadbrasil.com/forum
﻿15:59:36 : RCon admin #0: (Global) BEC : Siga o Roleplay e tenha uma otima jogatina.
﻿16:00:35 : RCon admin #0: (Global) BEC : Hosting Undead Brasil Servidores | www.undeadbrasil.com/servers
﻿16:00:55 : RCon admin #0: (Global) BEC : Para reportar bugs, erros, etc... Use nosso forum | www.undeadbrasil.com/forum
﻿16:02:55 : RCon admin #0: (Global) BEC : Doação ajuda a mante nosso servidor online!
﻿16:04:35 : RCon admin #0: (Global) BEC : Proibido RDM e VDM.
﻿16:06:15 : RCon admin #0: (Global) BEC : Visite nossa pagina no Facebook, www.fb.com/equipeundeadbrasil
﻿16:07:35 : RCon admin #0: (Global) BEC : Entre em nosso Team Speak 3: ts3.undeadbrasil.com
﻿16:09:35 : RCon admin #0: (Global) BEC : Atenção restart automático a cada 3 horas, 06:00hrs, 09:00hrs, 12:00hrs, 15:00hrs, 18:00hrs, 21:00hrs, 00:00hrs, 03:00hrs
﻿16:09:36 : RCon admin #0: (Global) BEC : Hosting Undead Brasil Servidores | www.undeadbrasil.com/servers
﻿16:12:15 : RCon admin #0: (Global) BEC : Para reportar bugs, erros, etc... Use nosso forum | www.undeadbrasil.com/forum
﻿16:14:15 : RCon admin #0: (Global) BEC : Leia as regras do servidor em nosso forum www.undeadbrasil.com/forum
﻿16:16:35 : RCon admin #0: (Global) BEC : Visite nossa pagina no Facebook, www.fb.com/equipeundeadbrasil
﻿16:18:35 : RCon admin #0: (Global) BEC : Hosting Undead Brasil Servidores | www.undeadbrasil.com/servers
﻿16:20:35 : RCon admin #0: (Global) BEC : Entre em nosso Team Speak 3: ts3.undeadbrasil.com
﻿16:20:55 : RCon admin #0: (Global) BEC : Proibido RDM e VDM.
﻿16:21:35 : RCon admin #0: (Global) BEC : Siga o Roleplay e tenha uma otima jogatina.
﻿16:23:35 : RCon admin #0: (Global) BEC : Para reportar bugs, erros, etc... Use nosso forum | www.undeadbrasil.com/forum
﻿16:26:35 : RCon admin #0: (Global) BEC : Doação ajuda a mante nosso servidor online!
﻿16:27:35 : RCon admin #0: (Global) BEC : Atenção restart automático a cada 3 horas, 06:00hrs, 09:00hrs, 12:00hrs, 15:00hrs, 18:00hrs, 21:00hrs, 00:00hrs, 03:00hrs
﻿16:27:36 : RCon admin #0: (Global) BEC : Hosting Undead Brasil Servidores | www.undeadbrasil.com/servers
﻿16:28:55 : RCon admin #0: (Global) BEC : Leia as regras do servidor em nosso forum www.undeadbrasil.com/forum
﻿16:31:35 : RCon admin #0: (Global) BEC : Visite nossa pagina no Facebook, www.fb.com/equipeundeadbrasil
﻿16:33:35 : RCon admin #0: (Global) BEC : Entre em nosso Team Speak 3: ts3.undeadbrasil.com
﻿16:34:55 : RCon admin #0: (Global) BEC : Para reportar bugs, erros, etc... Use nosso forum | www.undeadbrasil.com/forum
﻿16:36:35 : RCon admin #0: (Global) BEC : Hosting Undead Brasil Servidores | www.undeadbrasil.com/servers
﻿16:36:55 : RCon admin #0: (Global) BEC : Visite nossa pagina no Facebook, www.fb.com/equipeundeadbrasil
﻿16:37:15 : RCon admin #0: (Global) BEC : Proibido RDM e VDM.
﻿16:43:35 : RCon admin #0: (Global) BEC : Leia as regras do servidor em nosso forum www.undeadbrasil.com/forum
﻿16:43:36 : RCon admin #0: (Global) BEC : Siga o Roleplay e tenha uma otima jogatina.
﻿16:45:35 : RCon admin #0: (Global) BEC : Atenção restart automático a cada 3 horas, 06:00hrs, 09:00hrs, 12:00hrs, 15:00hrs, 18:00hrs, 21:00hrs, 00:00hrs, 03:00hrs
﻿16:45:36 : RCon admin #0: (Global) BEC : Hosting Undead Brasil Servidores | www.undeadbrasil.com/servers
﻿16:46:15 : RCon admin #0: (Global) BEC : Para reportar bugs, erros, etc... Use nosso forum | www.undeadbrasil.com/forum
﻿16:46:35 : RCon admin #0: (Global) BEC : Entre em nosso Team Speak 3: ts3.undeadbrasil.com
﻿16:50:15 : RCon admin #0: (Global) BEC : Doação ajuda a mante nosso servidor online!
﻿16:53:35 : RCon admin #0: (Global) BEC : Proibido RDM e VDM.
﻿16:54:35 : RCon admin #0: (Global) BEC : Hosting Undead Brasil Servidores | www.undeadbrasil.com/servers
﻿16:56:55 : RCon admin #0: (Global) BEC : Visite nossa pagina no Facebook, www.fb.com/equipeundeadbrasil
﻿16:57:15 : RCon admin #0: (Global) BEC : Visite nossa pagina no Facebook, www.fb.com/equipeundeadbrasil
﻿16:57:35 : RCon admin #0: (Global) BEC : Para reportar bugs, erros, etc... Use nosso forum | www.undeadbrasil.com/forum
﻿16:58:15 : RCon admin #0: (Global) BEC : Leia as regras do servidor em nosso forum www.undeadbrasil.com/forum
﻿16:59:35 : RCon admin #0: (Global) BEC : Entre em nosso Team Speak 3: ts3.undeadbrasil.com
﻿17:00:39 : Player #0 CPT. Neto (189.25.217.242:2304) connected
﻿17:00:42 : Starting with Arma 3 1.58 all server admins will have to define a dedicated port in BEServer.cfg in order to be able to use BE RCon. Please see https://www.battleye.com/support/documentation/ for details.
﻿17:00:43 : Player #0 CPT. Neto disconnected
﻿17:01:26 : Player #0 CPT. Neto (189.25.217.242:2304) connected
﻿17:01:27 : Player #0 CPT. Neto - GUID: 43b1ba76735f3ce09801601bc063ce42 (unverified)
﻿17:01:28 : Verified GUID (43b1ba76735f3ce09801601bc063ce42) of player #0 CPT. Neto
﻿17:02:32 : Player #1 Mateuus (177.52.11.50:26260) connected
﻿17:02:34 : Player #1 Mateuus - GUID: 6362f25c65411c0145ca1105a07c64e6 (unverified)
﻿17:02:34 : Verified GUID (6362f25c65411c0145ca1105a07c64e6) of player #1 Mateuus
﻿17:03:36 : RCon admin #0: (Global) BEC : Hosting Undead Brasil Servidores | www.undeadbrasil.com/servers
﻿17:03:37 : RCon admin #0: (Global) BEC : Atenção restart automático a cada 3 horas, 06:00hrs, 09:00hrs, 12:00hrs, 15:00hrs, 18:00hrs, 21:00hrs, 00:00hrs, 03:00hrs
﻿17:05:35 : RCon admin #0: (Global) BEC : Siga o Roleplay e tenha uma otima jogatina.
﻿17:08:55 : RCon admin #0: (Global) BEC : Para reportar bugs, erros, etc... Use nosso forum | www.undeadbrasil.com/forum
﻿17:09:55 : RCon admin #0: (Global) BEC : Proibido RDM e VDM.
﻿17:12:35 : RCon admin #0: (Global) BEC : Entre em nosso Team Speak 3: ts3.undeadbrasil.com
﻿17:12:36 : RCon admin #0: (Global) BEC : Hosting Undead Brasil Servidores | www.undeadbrasil.com/servers
﻿17:12:55 : RCon admin #0: (Global) BEC : Leia as regras do servidor em nosso forum www.undeadbrasil.com/forum
﻿17:13:55 : RCon admin #0: (Global) BEC : Doação ajuda a mante nosso servidor online!
﻿17:17:35 : RCon admin #0: (Global) BEC : Visite nossa pagina no Facebook, www.fb.com/equipeundeadbrasil
﻿17:20:15 : RCon admin #0: (Global) BEC : Para reportar bugs, erros, etc... Use nosso forum | www.undeadbrasil.com/forum
﻿17:21:35 : RCon admin #0: (Global) BEC : Atenção restart automático a cada 3 horas, 06:00hrs, 09:00hrs, 12:00hrs, 15:00hrs, 18:00hrs, 21:00hrs, 00:00hrs, 03:00hrs
﻿17:21:36 : RCon admin #0: (Global) BEC : Hosting Undead Brasil Servidores | www.undeadbrasil.com/servers
﻿17:21:49 : Lost Connection!
﻿17:21:49 : Closing socket & exiting!
﻿17:35:43 : Rcon client logging in
﻿17:35:43 : RCon admin #0 (127.0.0.1:55409) logged in
﻿17:36:13 : Player #0 Mateuus (177.52.11.50:26260) connected
﻿17:36:15 : Player #0 Mateuus - GUID: 6362f25c65411c0145ca1105a07c64e6 (unverified)
﻿17:36:15 : Verified GUID (6362f25c65411c0145ca1105a07c64e6) of player #0 Mateuus
﻿17:36:16 : Starting with Arma 3 1.58 all server admins will have to define a dedicated port in BEServer.cfg in order to be able to use BE RCon. Please see https://www.battleye.com/support/documentation/ for details.
﻿17:43:16 : Rcon client logging in
﻿17:43:16 : RCon admin #0 (127.0.0.1:60255) logged in
﻿17:43:20 : Lost Connection!
﻿17:43:20 : Closing socket & exiting!
﻿17:44:25 : Rcon client logging in
﻿17:44:25 : RCon admin #0 (127.0.0.1:60256) logged in
﻿17:44:44 : Player #0 Mateuus (177.52.11.50:26260) connected
﻿17:44:45 : Player #0 Mateuus - GUID: 6362f25c65411c0145ca1105a07c64e6 (unverified)
﻿17:44:46 : Verified GUID (6362f25c65411c0145ca1105a07c64e6) of player #0 Mateuus
﻿17:44:47 : Starting with Arma 3 1.58 all server admins will have to define a dedicated port in BEServer.cfg in order to be able to use BE RCon. Please see https://www.battleye.com/support/documentation/ for details.
﻿17:45:00 : RCon admin #0: (Global) BEC : Servidor irá reniciar em 15 minutos...
﻿17:49:13 : Lost Connection!
﻿17:49:13 : Closing socket & exiting!
﻿19:07:09 : Rcon client logging in
﻿19:07:09 : RCon admin #0 (127.0.0.1:49947) logged in
﻿19:09:38 : Player #0 TEN.Lopes (179.158.83.95:3377) connected
﻿19:09:40 : Player #0 TEN.Lopes - GUID: 9644d882b883f4b490cb4d262e50e301 (unverified)
﻿19:09:40 : Verified GUID (9644d882b883f4b490cb4d262e50e301) of player #0 TEN.Lopes
﻿19:09:40 : Starting with Arma 3 1.58 all server admins will have to define a dedicated port in BEServer.cfg in order to be able to use BE RCon. Please see https://www.battleye.com/support/documentation/ for details.
﻿19:16:06 : RCon admin #0: (Global) BEC : Hosting Undead Brasil Servidores | www.undeadbrasil.com/servers
﻿19:18:26 : RCon admin #0: (Global) BEC : Para reportar bugs, erros, etc... Use nosso forum | www.undeadbrasil.com/forum
﻿19:20:06 : RCon admin #0: (Global) BEC : Entre em nosso Team Speak 3: ts3.undeadbrasil.com
﻿19:21:46 : RCon admin #0: (Global) BEC : Leia as regras do servidor em nosso forum www.undeadbrasil.com/forum
﻿19:23:26 : RCon admin #0: (Global) BEC : Proibido RDM e VDM.
﻿19:23:50 : Lost Connection!
﻿19:23:50 : Closing socket & exiting!
