[03:08:54 --2:00] [Thread 2852018148] extDB: Version: 35
[03:08:54 --2:00] [Thread 2852018148] extDB: Windows Version
[03:08:54 --2:00] [Thread 2852018148] Message: Arma Linux Servers are using Older Physic Library (than Windows Servers), due to Debian 7 using old version of Glibc
[03:08:54 --2:00] [Thread 2852018148] Message: If you like extDB consider donating or bug BIS to drop support for Debian 7 thanks, so Linux Servers get same Physic Library Version as Windows
[03:08:54 --2:00] [Thread 2852018148] Message: Note currently most/all development for extDB is done on a Linux Server
[03:08:54 --2:00] [Thread 2852018148] Message: Torndeco: 24/01/15
[03:08:54 --2:00] [Thread 2852018148] 
[03:08:54 --2:00] [Thread 2852018148] extDB: Found extdb-conf.ini
[03:08:54 --2:00] [Thread 2852018148] extDB: Detected 8 Cores, Setting up 6 Worker Threads
[03:08:54 --2:00] [Thread 2852018148] extDB: Database Type: MySQL
[03:08:54 --2:00] [Thread 2852018148] extDB: Database Session Pool Started
[03:08:54 --2:00] [Thread 2852018148] extDB: DB_CUSTOM_V5: Loading Template Filename: C:\Program Files (x86)\Steam\steamapps\common\Arma 3 Server\@extDB\extDB\db_custom\altis-life-rpg-4.ini
[03:08:54 --2:00] [Thread 2358837187] extDB: DB_CUSTOM_V5: Error StatementException: MySQL: [MySQL]: [Comment]: mysql_stmt_execute error	[mysql_stmt_error]: Incorrect number of arguments for PROCEDURE altislife.resetLifeVehicles; expected 1, got 0	[mysql_stmt_errno]: 1318	[mysql_stmt_sqlstate]: 42000	[statemnt]: CALL resetLifeVehicles;
[03:08:54 --2:00] [Thread 2358837187] extDB: DB_CUSTOM_V5: Error Exception: SQL: resetLifeVehicles
[03:08:54 --2:00] [Thread 1894880547] extDB: DB_CUSTOM_V5: Error StatementException: MySQL: [MySQL]: [Comment]: mysql_stmt_execute error	[mysql_stmt_error]: Incorrect number of arguments for PROCEDURE altislife.deleteDeadVehicles; expected 1, got 0	[mysql_stmt_errno]: 1318	[mysql_stmt_sqlstate]: 42000	[statemnt]: CALL deleteDeadVehicles;
[03:08:54 --2:00] [Thread 1894880547] extDB: DB_CUSTOM_V5: Error Exception: SQL: deleteDeadVehicles
[03:08:54 --2:00] [Thread 2140531541] extDB: DB_CUSTOM_V5: Error StatementException: MySQL: [MySQL]: [Comment]: mysql_stmt_execute error	[mysql_stmt_error]: Incorrect number of arguments for PROCEDURE altislife.deleteOldHouses; expected 1, got 0	[mysql_stmt_errno]: 1318	[mysql_stmt_sqlstate]: 42000	[statemnt]: CALL deleteOldHouses;
[03:08:54 --2:00] [Thread 2140531541] extDB: DB_CUSTOM_V5: Error Exception: SQL: deleteOldHouses
[03:08:54 --2:00] [Thread 1451012640] extDB: DB_CUSTOM_V5: Error StatementException: MySQL: [MySQL]: [Comment]: mysql_stmt_execute error	[mysql_stmt_error]: Incorrect number of arguments for PROCEDURE altislife.deleteOldGangs; expected 1, got 0	[mysql_stmt_errno]: 1318	[mysql_stmt_sqlstate]: 42000	[statemnt]: CALL deleteOldGangs;
[03:08:54 --2:00] [Thread 1451012640] extDB: DB_CUSTOM_V5: Error Exception: SQL: deleteOldGangs
